INFO:app:Sigma framework integration disabled (standalone mode)
INFO:app:Registered Routes:
INFO:app:toggle_sigma_mode: /api/sigma/toggle-mode
INFO:app:get_sigma_config: /api/sigma/config
INFO:app:get_user_segments: /api/segments
INFO:app:get_user_journey: /api/user-journey
INFO:app:get_personalization: /api/personalization
INFO:app:health_check: /api/health
INFO:app:get_churn_prediction: /api/churn-prediction
INFO:app:get_referral_insights: /api/referral-insights
INFO:app:get_raw_user_data: /api/raw-user-data
INFO:app:ai_insights: /api/ai-insights
INFO:app:get_feature_usage: /api/feature-usage
INFO:app:predictive_revenue_forecast: /api/revenue-forecast
2025-08-10 09:43:22,969 INFO sqlalchemy.engine.Engine BEGIN (implicit)
INFO:sqlalchemy.engine.Engine:BEGIN (implicit)
2025-08-10 09:43:22,969 INFO sqlalchemy.engine.Engine PRAGMA main.table_info("users")
INFO:sqlalchemy.engine.Engine:PRAGMA main.table_info("users")
2025-08-10 09:43:22,969 INFO sqlalchemy.engine.Engine [raw sql] ()
INFO:sqlalchemy.engine.Engine:[raw sql] ()
2025-08-10 09:43:22,970 INFO sqlalchemy.engine.Engine COMMIT
INFO:sqlalchemy.engine.Engine:COMMIT
✅ Database initialized
✅ Sigma Mode: standalone
✅ Database Mode: sqlite
🚀 Starting GrowthMarketer AI Server...
🌍 Environment: development
🔧 Sigma Mode: standalone
💾 Database: sqlite
📍 Server will be available at: http://localhost:5555
🔗 API endpoints: http://localhost:5555/api/*
📊 Sigma endpoints: http://localhost:5555/api/sigma/*
============================================================
 * Serving Flask app 'app'
 * Debug mode: on
INFO:werkzeug:[31m[1mWARNING: This is a development server. Do not use it in a production deployment. Use a production WSGI server instead.[0m
 * Running on all addresses (0.0.0.0)
 * Running on http://127.0.0.1:5555
 * Running on http://192.168.4.134:5555
INFO:werkzeug:[33mPress CTRL+C to quit[0m
INFO:werkzeug: * Restarting with stat
INFO:app:Sigma framework integration disabled (standalone mode)
INFO:app:Registered Routes:
INFO:app:toggle_sigma_mode: /api/sigma/toggle-mode
INFO:app:get_sigma_config: /api/sigma/config
INFO:app:get_user_segments: /api/segments
INFO:app:get_user_journey: /api/user-journey
INFO:app:get_personalization: /api/personalization
INFO:app:health_check: /api/health
INFO:app:get_churn_prediction: /api/churn-prediction
INFO:app:get_referral_insights: /api/referral-insights
INFO:app:get_raw_user_data: /api/raw-user-data
INFO:app:ai_insights: /api/ai-insights
INFO:app:get_feature_usage: /api/feature-usage
INFO:app:predictive_revenue_forecast: /api/revenue-forecast
2025-08-10 09:43:23,534 INFO sqlalchemy.engine.Engine BEGIN (implicit)
INFO:sqlalchemy.engine.Engine:BEGIN (implicit)
2025-08-10 09:43:23,534 INFO sqlalchemy.engine.Engine PRAGMA main.table_info("users")
INFO:sqlalchemy.engine.Engine:PRAGMA main.table_info("users")
2025-08-10 09:43:23,534 INFO sqlalchemy.engine.Engine [raw sql] ()
INFO:sqlalchemy.engine.Engine:[raw sql] ()
2025-08-10 09:43:23,535 INFO sqlalchemy.engine.Engine COMMIT
INFO:sqlalchemy.engine.Engine:COMMIT
WARNING:werkzeug: * Debugger is active!
INFO:werkzeug: * Debugger PIN: 297-482-426
